2019-07-19 17:43:17.336 +0900 - info: URL 모듈 시작
2019-07-19 17:43:17.345 +0900 - info: path:/m0	page:7
2019-07-19 17:43:17.345 +0900 - info:  
2019-07-19 17:43:17.346 +0900 - info: path:/m1	page:0
2019-07-19 17:43:17.347 +0900 - info:  
2019-07-19 17:43:17.347 +0900 - info: path:/m2	page:0
2019-07-19 17:43:17.348 +0900 - info:  
2019-07-19 17:43:17.348 +0900 - info: path:/m3	page:12
2019-07-19 17:43:17.349 +0900 - info:  
2019-07-19 17:43:17.349 +0900 - info: path:/m4	page:0
2019-07-19 17:43:17.350 +0900 - info:  
2019-07-19 17:43:17.350 +0900 - info: path:/m5	page:0
2019-07-19 17:43:17.351 +0900 - info:  
2019-07-19 17:43:17.351 +0900 - info: path:/m6	page:2
2019-07-19 17:43:17.352 +0900 - info:  
2019-07-19 17:43:17.352 +0900 - info: path:/m7	page:0
2019-07-19 17:43:17.352 +0900 - info:  
2019-07-19 17:43:17.353 +0900 - info: path:/m8	page:0
2019-07-19 17:43:17.354 +0900 - info:  
2019-07-19 17:43:17.355 +0900 - info: path:/m9	page:0
2019-07-19 17:43:17.355 +0900 - info:  
2019-07-19 17:43:17.356 +0900 - info: path:/m10	page:0
2019-07-19 17:43:17.356 +0900 - info:  
2019-07-19 17:43:17.357 +0900 - info: path:/m11	page:0
2019-07-19 17:43:17.357 +0900 - info:  
2019-07-19 17:43:17.358 +0900 - info: path:/m12	page:0
2019-07-19 17:43:17.358 +0900 - info:  
2019-07-19 17:43:17.358 +0900 - info: path:/m13	page:0
2019-07-19 17:43:17.359 +0900 - info:  
2019-07-19 17:43:17.359 +0900 - info: path:/m14	page:0
2019-07-19 17:43:17.359 +0900 - info:  
2019-07-19 17:43:17.360 +0900 - info: path:/m15	page:0
2019-07-19 17:43:17.360 +0900 - info:  
2019-07-19 17:43:17.360 +0900 - info: path:/m16	page:0
2019-07-19 17:43:17.361 +0900 - info:  
2019-07-19 17:43:17.361 +0900 - info: path:/m17	page:0
2019-07-19 17:43:17.362 +0900 - info:  
2019-07-19 17:43:17.362 +0900 - info: path:/m18	page:0
2019-07-19 17:43:17.362 +0900 - info:  
2019-07-19 17:43:17.363 +0900 - info: path:/m19	page:0
2019-07-19 17:43:17.363 +0900 - info:  
2019-07-19 17:43:17.369 +0900 - info: 서버 준비완료!!
2019-07-19 17:44:08.820 +0900 - info: URL 모듈 시작
2019-07-19 17:44:08.829 +0900 - info: path:/m0	page:7
2019-07-19 17:44:08.829 +0900 - info:  
2019-07-19 17:44:08.830 +0900 - info: path:/m1	page:0
2019-07-19 17:44:08.830 +0900 - info:  
2019-07-19 17:44:08.831 +0900 - info: path:/m2	page:0
2019-07-19 17:44:08.831 +0900 - info:  
2019-07-19 17:44:08.832 +0900 - info: path:/m3	page:12
2019-07-19 17:44:08.833 +0900 - info:  
2019-07-19 17:44:08.834 +0900 - info: path:/m4	page:0
2019-07-19 17:44:08.834 +0900 - info:  
2019-07-19 17:44:08.835 +0900 - info: path:/m5	page:0
2019-07-19 17:44:08.835 +0900 - info:  
2019-07-19 17:44:08.836 +0900 - info: path:/m6	page:2
2019-07-19 17:44:08.837 +0900 - info:  
2019-07-19 17:44:08.837 +0900 - info: path:/m7	page:0
2019-07-19 17:44:08.838 +0900 - info:  
2019-07-19 17:44:08.838 +0900 - info: path:/m8	page:0
2019-07-19 17:44:08.838 +0900 - info:  
2019-07-19 17:44:08.839 +0900 - info: path:/m9	page:0
2019-07-19 17:44:08.840 +0900 - info:  
2019-07-19 17:44:08.850 +0900 - info: path:/m10	page:0
2019-07-19 17:44:08.850 +0900 - info:  
2019-07-19 17:44:08.851 +0900 - info: path:/m11	page:0
2019-07-19 17:44:08.851 +0900 - info:  
2019-07-19 17:44:08.852 +0900 - info: path:/m12	page:0
2019-07-19 17:44:08.852 +0900 - info:  
2019-07-19 17:44:08.853 +0900 - info: path:/m13	page:0
2019-07-19 17:44:08.853 +0900 - info:  
2019-07-19 17:44:08.854 +0900 - info: path:/m14	page:0
2019-07-19 17:44:08.854 +0900 - info:  
2019-07-19 17:44:08.855 +0900 - info: path:/m15	page:0
2019-07-19 17:44:08.855 +0900 - info:  
2019-07-19 17:44:08.856 +0900 - info: path:/m16	page:0
2019-07-19 17:44:08.857 +0900 - info:  
2019-07-19 17:44:08.858 +0900 - info: path:/m17	page:0
2019-07-19 17:44:08.858 +0900 - info:  
2019-07-19 17:44:08.859 +0900 - info: path:/m18	page:0
2019-07-19 17:44:08.859 +0900 - info:  
2019-07-19 17:44:08.860 +0900 - info: path:/m19	page:0
2019-07-19 17:44:08.860 +0900 - info:  
2019-07-19 17:44:08.866 +0900 - info: 서버 준비완료!!
2019-07-19 18:10:08.667 +0900 - info: URL 모듈 시작
2019-07-19 18:10:08.676 +0900 - info: path:/m0	page:7
2019-07-19 18:10:08.676 +0900 - info:  
2019-07-19 18:10:08.677 +0900 - info: path:/m1	page:0
2019-07-19 18:10:08.677 +0900 - info:  
2019-07-19 18:10:08.678 +0900 - info: path:/m2	page:0
2019-07-19 18:10:08.678 +0900 - info:  
2019-07-19 18:10:08.679 +0900 - info: path:/m3	page:13
2019-07-19 18:10:08.679 +0900 - info:  
2019-07-19 18:10:08.680 +0900 - info: path:/m4	page:0
2019-07-19 18:10:08.680 +0900 - info:  
2019-07-19 18:10:08.680 +0900 - info: path:/m5	page:0
2019-07-19 18:10:08.680 +0900 - info:  
2019-07-19 18:10:08.681 +0900 - info: path:/m6	page:2
2019-07-19 18:10:08.682 +0900 - info:  
2019-07-19 18:10:08.682 +0900 - info: path:/m7	page:0
2019-07-19 18:10:08.682 +0900 - info:  
2019-07-19 18:10:08.684 +0900 - info: path:/m8	page:0
2019-07-19 18:10:08.684 +0900 - info:  
2019-07-19 18:10:08.685 +0900 - info: path:/m9	page:0
2019-07-19 18:10:08.685 +0900 - info:  
2019-07-19 18:10:08.686 +0900 - info: path:/m10	page:0
2019-07-19 18:10:08.686 +0900 - info:  
2019-07-19 18:10:08.686 +0900 - info: path:/m11	page:0
2019-07-19 18:10:08.687 +0900 - info:  
2019-07-19 18:10:08.687 +0900 - info: path:/m12	page:0
2019-07-19 18:10:08.687 +0900 - info:  
2019-07-19 18:10:08.688 +0900 - info: path:/m13	page:0
2019-07-19 18:10:08.688 +0900 - info:  
2019-07-19 18:10:08.689 +0900 - info: path:/m14	page:0
2019-07-19 18:10:08.689 +0900 - info:  
2019-07-19 18:10:08.689 +0900 - info: path:/m15	page:0
2019-07-19 18:10:08.690 +0900 - info:  
2019-07-19 18:10:08.690 +0900 - info: path:/m16	page:0
2019-07-19 18:10:08.691 +0900 - info:  
2019-07-19 18:10:08.691 +0900 - info: path:/m17	page:0
2019-07-19 18:10:08.692 +0900 - info:  
2019-07-19 18:10:08.700 +0900 - info: path:/m18	page:0
2019-07-19 18:10:08.700 +0900 - info:  
2019-07-19 18:10:08.701 +0900 - info: path:/m19	page:0
2019-07-19 18:10:08.701 +0900 - info:  
2019-07-19 18:10:08.707 +0900 - info: 서버 준비완료!!
2019-07-19 18:10:11.475 +0900 - info:  message=(conn=3473, no: 1064, SQLState: 42000) You have an error in your SQL syntax; check the manual that corresponds to your MariaDB server version for the right syntax to use near '' at line 1
sql: select count(*) as cnt from (SELECT SUM(금액) FROM v_a_money GROUP BY DATE_FORMAT(발생일자,'%m')) - parameters:[], stack=Error: (conn=3473, no: 1064, SQLState: 42000) You have an error in your SQL syntax; check the manual that corresponds to your MariaDB server version for the right syntax to use near '' at line 1
sql: select count(*) as cnt from (SELECT SUM(금액) FROM v_a_money GROUP BY DATE_FORMAT(발생일자,'%m')) - parameters:[]
    at Object.module.exports.createError (D:\node\node_modules\mariadb\lib\misc\errors.js:55:10)
    at PacketNodeEncoded.readError (D:\node\node_modules\mariadb\lib\io\packet.js:510:19)
    at Query.readResponsePacket (D:\node\node_modules\mariadb\lib\cmd\resultset.js:46:28)
    at PacketInputStream.receivePacket (D:\node\node_modules\mariadb\lib\io\packet-input-stream.js:84:9)
    at PacketInputStream.onData (D:\node\node_modules\mariadb\lib\io\packet-input-stream.js:140:20)
    at Socket.emit (events.js:198:13)
    at addChunk (_stream_readable.js:288:12)
    at readableAddChunk (_stream_readable.js:269:11)
    at Socket.Readable.push (_stream_readable.js:224:10)
    at TCP.onStreamRead [as onread] (internal/stream_base_commons.js:94:17), fatal=false, errno=1064, sqlState=42000, code=ER_PARSE_ERROR
2019-07-19 18:13:19.897 +0900 - info: URL 모듈 시작
2019-07-19 18:13:19.906 +0900 - info: path:/m0	page:7
2019-07-19 18:13:19.906 +0900 - info:  
2019-07-19 18:13:19.907 +0900 - info: path:/m1	page:0
2019-07-19 18:13:19.907 +0900 - info:  
2019-07-19 18:13:19.908 +0900 - info: path:/m2	page:0
2019-07-19 18:13:19.908 +0900 - info:  
2019-07-19 18:13:19.909 +0900 - info: path:/m3	page:13
2019-07-19 18:13:19.909 +0900 - info:  
2019-07-19 18:13:19.910 +0900 - info: path:/m4	page:0
2019-07-19 18:13:19.910 +0900 - info:  
2019-07-19 18:13:19.910 +0900 - info: path:/m5	page:0
2019-07-19 18:13:19.910 +0900 - info:  
2019-07-19 18:13:19.911 +0900 - info: path:/m6	page:2
2019-07-19 18:13:19.912 +0900 - info:  
2019-07-19 18:13:19.912 +0900 - info: path:/m7	page:0
2019-07-19 18:13:19.912 +0900 - info:  
2019-07-19 18:13:19.913 +0900 - info: path:/m8	page:0
2019-07-19 18:13:19.914 +0900 - info:  
2019-07-19 18:13:19.914 +0900 - info: path:/m9	page:0
2019-07-19 18:13:19.914 +0900 - info:  
2019-07-19 18:13:19.915 +0900 - info: path:/m10	page:0
2019-07-19 18:13:19.915 +0900 - info:  
2019-07-19 18:13:19.916 +0900 - info: path:/m11	page:0
2019-07-19 18:13:19.916 +0900 - info:  
2019-07-19 18:13:19.916 +0900 - info: path:/m12	page:0
2019-07-19 18:13:19.916 +0900 - info:  
2019-07-19 18:13:19.917 +0900 - info: path:/m13	page:0
2019-07-19 18:13:19.917 +0900 - info:  
2019-07-19 18:13:19.918 +0900 - info: path:/m14	page:0
2019-07-19 18:13:19.918 +0900 - info:  
2019-07-19 18:13:19.926 +0900 - info: path:/m15	page:0
2019-07-19 18:13:19.926 +0900 - info:  
2019-07-19 18:13:19.926 +0900 - info: path:/m16	page:0
2019-07-19 18:13:19.927 +0900 - info:  
2019-07-19 18:13:19.927 +0900 - info: path:/m17	page:0
2019-07-19 18:13:19.927 +0900 - info:  
2019-07-19 18:13:19.928 +0900 - info: path:/m18	page:0
2019-07-19 18:13:19.928 +0900 - info:  
2019-07-19 18:13:19.928 +0900 - info: path:/m19	page:0
2019-07-19 18:13:19.929 +0900 - info:  
2019-07-19 18:13:19.935 +0900 - info: 서버 준비완료!!
