2019-07-18 20:04:27.615 +0900 - info: URL 모듈 시작
2019-07-18 20:04:27.624 +0900 - info: path:/m0	page:5
2019-07-18 20:04:27.624 +0900 - info: method:GET	path:/m0/
2019-07-18 20:04:27.625 +0900 - info: method:POST	path:/m0/select
2019-07-18 20:04:27.625 +0900 - info: method:POST	path:/m0/insert
2019-07-18 20:04:27.625 +0900 - info: method:POST	path:/m0/delete
2019-07-18 20:04:27.625 +0900 - info: method:POST	path:/m0/update
2019-07-18 20:04:27.626 +0900 - info:  
2019-07-18 20:04:27.627 +0900 - info: path:/m1	page:0
2019-07-18 20:04:27.627 +0900 - info:  
2019-07-18 20:04:27.628 +0900 - info: path:/m2	page:0
2019-07-18 20:04:27.628 +0900 - info:  
2019-07-18 20:04:27.629 +0900 - info: path:/m3	page:0
2019-07-18 20:04:27.629 +0900 - info:  
2019-07-18 20:04:27.630 +0900 - info: path:/m4	page:0
2019-07-18 20:04:27.631 +0900 - info:  
2019-07-18 20:04:27.632 +0900 - info: path:/m5	page:0
2019-07-18 20:04:27.632 +0900 - info:  
2019-07-18 20:04:27.633 +0900 - info: path:/m6	page:2
2019-07-18 20:04:27.633 +0900 - info: method:GET	path:/m6/v/:view
2019-07-18 20:04:27.633 +0900 - info: method:POST	path:/m6/d/:view
2019-07-18 20:04:27.634 +0900 - info:  
2019-07-18 20:04:27.634 +0900 - info: path:/m7	page:0
2019-07-18 20:04:27.634 +0900 - info:  
2019-07-18 20:04:27.635 +0900 - info: path:/m8	page:0
2019-07-18 20:04:27.635 +0900 - info:  
2019-07-18 20:04:27.637 +0900 - info: path:/m9	page:0
2019-07-18 20:04:27.637 +0900 - info:  
2019-07-18 20:04:27.638 +0900 - info: path:/m10	page:0
2019-07-18 20:04:27.638 +0900 - info:  
2019-07-18 20:04:27.639 +0900 - info: path:/m11	page:0
2019-07-18 20:04:27.639 +0900 - info:  
2019-07-18 20:04:27.640 +0900 - info: path:/m12	page:0
2019-07-18 20:04:27.640 +0900 - info:  
2019-07-18 20:04:27.641 +0900 - info: path:/m13	page:0
2019-07-18 20:04:27.641 +0900 - info:  
2019-07-18 20:04:27.641 +0900 - info: path:/m14	page:0
2019-07-18 20:04:27.642 +0900 - info:  
2019-07-18 20:04:27.642 +0900 - info: path:/m15	page:1
2019-07-18 20:04:27.643 +0900 - info: method:GET	path:/m15/
2019-07-18 20:04:27.643 +0900 - info:  
2019-07-18 20:04:27.643 +0900 - info: path:/m16	page:0
2019-07-18 20:04:27.644 +0900 - info:  
2019-07-18 20:04:27.644 +0900 - info: path:/m17	page:0
2019-07-18 20:04:27.646 +0900 - info:  
2019-07-18 20:04:27.647 +0900 - info: path:/m18	page:0
2019-07-18 20:04:27.648 +0900 - info:  
2019-07-18 20:04:27.649 +0900 - info: path:/m19	page:0
2019-07-18 20:04:27.649 +0900 - info:  
2019-07-18 20:04:27.656 +0900 - info: 서버 준비완료!!
2019-07-18 20:04:39.297 +0900 - info:  state=true, rows=[user_id=7, id=M6, password=M6, delete_flag=N, birthday=Wed Jul 17 2019 17:53:17 GMT+0900 (GMT+09:00), authority_code=1], url=/m15/, text=
2019-07-18 20:04:43.298 +0900 - info: 로그인 중.. ./m6/register.html
2019-07-18 20:04:46.189 +0900 - info: 로그인 중.. ./m6/update.html
2019-07-18 20:06:14.487 +0900 - info: 로그인 중.. ./m6/editprofile.html
2019-07-18 20:07:41.753 +0900 - info: 로그인 중.. ./m6/profile.html
2019-07-18 20:09:31.211 +0900 - info: 로그인 중.. ./m6/profile.html
2019-07-18 20:09:32.777 +0900 - info: 로그인 중.. ./m6/editprofile.html
2019-07-18 20:18:02.182 +0900 - info: URL 모듈 시작
2019-07-18 20:18:02.191 +0900 - info: path:/m0	page:5
2019-07-18 20:18:02.191 +0900 - info: method:GET	path:/m0/
2019-07-18 20:18:02.192 +0900 - info: method:POST	path:/m0/select
2019-07-18 20:18:02.192 +0900 - info: method:POST	path:/m0/insert
2019-07-18 20:18:02.192 +0900 - info: method:POST	path:/m0/delete
2019-07-18 20:18:02.192 +0900 - info: method:POST	path:/m0/update
2019-07-18 20:18:02.193 +0900 - info:  
2019-07-18 20:18:02.193 +0900 - info: path:/m1	page:0
2019-07-18 20:18:02.193 +0900 - info:  
2019-07-18 20:18:02.194 +0900 - info: path:/m2	page:0
2019-07-18 20:18:02.194 +0900 - info:  
2019-07-18 20:18:02.195 +0900 - info: path:/m3	page:0
2019-07-18 20:18:02.195 +0900 - info:  
2019-07-18 20:18:02.195 +0900 - info: path:/m4	page:0
2019-07-18 20:18:02.196 +0900 - info:  
2019-07-18 20:18:02.196 +0900 - info: path:/m5	page:0
2019-07-18 20:18:02.196 +0900 - info:  
2019-07-18 20:18:02.197 +0900 - info: path:/m6	page:2
2019-07-18 20:18:02.198 +0900 - info: method:GET	path:/m6/v/:view
2019-07-18 20:18:02.198 +0900 - info: method:POST	path:/m6/d/:view
2019-07-18 20:18:02.198 +0900 - info:  
2019-07-18 20:18:02.199 +0900 - info: path:/m7	page:0
2019-07-18 20:18:02.199 +0900 - info:  
2019-07-18 20:18:02.201 +0900 - info: path:/m8	page:0
2019-07-18 20:18:02.201 +0900 - info:  
2019-07-18 20:18:02.201 +0900 - info: path:/m9	page:0
2019-07-18 20:18:02.202 +0900 - info:  
2019-07-18 20:18:02.202 +0900 - info: path:/m10	page:0
2019-07-18 20:18:02.202 +0900 - info:  
2019-07-18 20:18:02.203 +0900 - info: path:/m11	page:0
2019-07-18 20:18:02.203 +0900 - info:  
2019-07-18 20:18:02.204 +0900 - info: path:/m12	page:0
2019-07-18 20:18:02.204 +0900 - info:  
2019-07-18 20:18:02.205 +0900 - info: path:/m13	page:0
2019-07-18 20:18:02.205 +0900 - info:  
2019-07-18 20:18:02.206 +0900 - info: path:/m14	page:0
2019-07-18 20:18:02.206 +0900 - info:  
2019-07-18 20:18:02.207 +0900 - info: path:/m15	page:1
2019-07-18 20:18:02.207 +0900 - info: method:GET	path:/m15/
2019-07-18 20:18:02.208 +0900 - info:  
2019-07-18 20:18:02.210 +0900 - info: path:/m16	page:0
2019-07-18 20:18:02.210 +0900 - info:  
2019-07-18 20:18:02.210 +0900 - info: path:/m17	page:0
2019-07-18 20:18:02.211 +0900 - info:  
2019-07-18 20:18:02.211 +0900 - info: path:/m18	page:0
2019-07-18 20:18:02.211 +0900 - info:  
2019-07-18 20:18:02.212 +0900 - info: path:/m19	page:0
2019-07-18 20:18:02.212 +0900 - info:  
2019-07-18 20:18:02.219 +0900 - info: 서버 준비완료!!
2019-07-18 20:18:33.218 +0900 - info:  state=true, rows=[user_id=7, id=M6, password=M6, delete_flag=N, birthday=Wed Jul 17 2019 17:53:17 GMT+0900 (GMT+09:00), authority_code=1], url=/m15/, text=
2019-07-18 20:18:40.946 +0900 - info: 로그인 중.. ./m6/update.html
2019-07-18 20:18:51.900 +0900 - info: /
