2019-07-22 09:19:47.664 +0900 - info: URL 모듈 시작
2019-07-22 09:19:47.674 +0900 - info: path:/m0	page:7
2019-07-22 09:19:47.674 +0900 - info:  
2019-07-22 09:19:47.675 +0900 - info: path:/m1	page:0
2019-07-22 09:19:47.675 +0900 - info:  
2019-07-22 09:19:47.676 +0900 - info: path:/m2	page:0
2019-07-22 09:19:47.676 +0900 - info:  
2019-07-22 09:19:47.678 +0900 - info: path:/m3	page:14
2019-07-22 09:19:47.679 +0900 - info:  
2019-07-22 09:19:47.679 +0900 - info: path:/m4	page:0
2019-07-22 09:19:47.680 +0900 - info:  
2019-07-22 09:19:47.680 +0900 - info: path:/m5	page:0
2019-07-22 09:19:47.680 +0900 - info:  
2019-07-22 09:19:47.681 +0900 - info: path:/m6	page:2
2019-07-22 09:19:47.682 +0900 - info:  
2019-07-22 09:19:47.682 +0900 - info: path:/m7	page:0
2019-07-22 09:19:47.683 +0900 - info:  
2019-07-22 09:19:47.683 +0900 - info: path:/m8	page:0
2019-07-22 09:19:47.684 +0900 - info:  
2019-07-22 09:19:47.684 +0900 - info: path:/m9	page:0
2019-07-22 09:19:47.685 +0900 - info:  
2019-07-22 09:19:47.685 +0900 - info: path:/m10	page:0
2019-07-22 09:19:47.686 +0900 - info:  
2019-07-22 09:19:47.686 +0900 - info: path:/m11	page:0
2019-07-22 09:19:47.687 +0900 - info:  
2019-07-22 09:19:47.687 +0900 - info: path:/m12	page:0
2019-07-22 09:19:47.688 +0900 - info:  
2019-07-22 09:19:47.689 +0900 - info: path:/m13	page:0
2019-07-22 09:19:47.689 +0900 - info:  
2019-07-22 09:19:47.690 +0900 - info: path:/m14	page:0
2019-07-22 09:19:47.690 +0900 - info:  
2019-07-22 09:19:47.691 +0900 - info: path:/m15	page:0
2019-07-22 09:19:47.691 +0900 - info:  
2019-07-22 09:19:47.691 +0900 - info: path:/m16	page:0
2019-07-22 09:19:47.692 +0900 - info:  
2019-07-22 09:19:47.692 +0900 - info: path:/m17	page:0
2019-07-22 09:19:47.693 +0900 - info:  
2019-07-22 09:19:47.693 +0900 - info: path:/m18	page:0
2019-07-22 09:19:47.693 +0900 - info:  
2019-07-22 09:19:47.694 +0900 - info: path:/m19	page:0
2019-07-22 09:19:47.694 +0900 - info:  
2019-07-22 09:19:47.701 +0900 - info: 서버 준비완료!!
2019-07-22 09:19:57.561 +0900 - info: 로그인 중.. ./m3/index.html
2019-07-22 09:26:54.952 +0900 - info: URL 모듈 시작
2019-07-22 09:26:54.960 +0900 - info: path:/m0	page:7
2019-07-22 09:26:54.961 +0900 - info:  
2019-07-22 09:26:54.961 +0900 - info: path:/m1	page:0
2019-07-22 09:26:54.962 +0900 - info:  
2019-07-22 09:26:54.962 +0900 - info: path:/m2	page:0
2019-07-22 09:26:54.962 +0900 - info:  
2019-07-22 09:26:54.964 +0900 - info: path:/m3	page:14
2019-07-22 09:26:54.965 +0900 - info:  
2019-07-22 09:26:54.966 +0900 - info: path:/m4	page:0
2019-07-22 09:26:54.966 +0900 - info:  
2019-07-22 09:26:54.967 +0900 - info: path:/m5	page:0
2019-07-22 09:26:54.967 +0900 - info:  
2019-07-22 09:26:54.968 +0900 - info: path:/m6	page:2
2019-07-22 09:26:54.969 +0900 - info:  
2019-07-22 09:26:54.969 +0900 - info: path:/m7	page:0
2019-07-22 09:26:54.970 +0900 - info:  
2019-07-22 09:26:54.972 +0900 - info: path:/m8	page:0
2019-07-22 09:26:54.973 +0900 - info:  
2019-07-22 09:26:54.973 +0900 - info: path:/m9	page:0
2019-07-22 09:26:54.974 +0900 - info:  
2019-07-22 09:26:54.975 +0900 - info: path:/m10	page:0
2019-07-22 09:26:54.975 +0900 - info:  
2019-07-22 09:26:54.976 +0900 - info: path:/m11	page:0
2019-07-22 09:26:54.976 +0900 - info:  
2019-07-22 09:26:54.977 +0900 - info: path:/m12	page:0
2019-07-22 09:26:54.978 +0900 - info:  
2019-07-22 09:26:54.978 +0900 - info: path:/m13	page:0
2019-07-22 09:26:54.979 +0900 - info:  
2019-07-22 09:26:54.980 +0900 - info: path:/m14	page:0
2019-07-22 09:26:54.980 +0900 - info:  
2019-07-22 09:26:54.981 +0900 - info: path:/m15	page:0
2019-07-22 09:26:54.982 +0900 - info:  
2019-07-22 09:26:54.982 +0900 - info: path:/m16	page:0
2019-07-22 09:26:54.983 +0900 - info:  
2019-07-22 09:26:54.984 +0900 - info: path:/m17	page:0
2019-07-22 09:26:54.984 +0900 - info:  
2019-07-22 09:26:54.985 +0900 - info: path:/m18	page:0
2019-07-22 09:26:54.985 +0900 - info:  
2019-07-22 09:26:54.986 +0900 - info: path:/m19	page:0
2019-07-22 09:26:54.986 +0900 - info:  
2019-07-22 09:26:54.993 +0900 - info: 서버 준비완료!!
2019-07-22 09:27:06.556 +0900 - info: URL 모듈 시작
2019-07-22 09:27:06.564 +0900 - info: path:/m0	page:7
2019-07-22 09:27:06.565 +0900 - info:  
2019-07-22 09:27:06.565 +0900 - info: path:/m1	page:0
2019-07-22 09:27:06.566 +0900 - info:  
2019-07-22 09:27:06.566 +0900 - info: path:/m2	page:0
2019-07-22 09:27:06.567 +0900 - info:  
2019-07-22 09:27:06.569 +0900 - info: path:/m3	page:14
2019-07-22 09:27:06.569 +0900 - info:  
2019-07-22 09:27:06.570 +0900 - info: path:/m4	page:0
2019-07-22 09:27:06.570 +0900 - info:  
2019-07-22 09:27:06.571 +0900 - info: path:/m5	page:0
2019-07-22 09:27:06.572 +0900 - info:  
2019-07-22 09:27:06.573 +0900 - info: path:/m6	page:2
2019-07-22 09:27:06.573 +0900 - info:  
2019-07-22 09:27:06.575 +0900 - info: path:/m7	page:0
2019-07-22 09:27:06.575 +0900 - info:  
2019-07-22 09:27:06.576 +0900 - info: path:/m8	page:0
2019-07-22 09:27:06.577 +0900 - info:  
2019-07-22 09:27:06.578 +0900 - info: path:/m9	page:0
2019-07-22 09:27:06.578 +0900 - info:  
2019-07-22 09:27:06.579 +0900 - info: path:/m10	page:0
2019-07-22 09:27:06.579 +0900 - info:  
2019-07-22 09:27:06.580 +0900 - info: path:/m11	page:0
2019-07-22 09:27:06.581 +0900 - info:  
2019-07-22 09:27:06.582 +0900 - info: path:/m12	page:0
2019-07-22 09:27:06.582 +0900 - info:  
2019-07-22 09:27:06.582 +0900 - info: path:/m13	page:0
2019-07-22 09:27:06.583 +0900 - info:  
2019-07-22 09:27:06.583 +0900 - info: path:/m14	page:0
2019-07-22 09:27:06.583 +0900 - info:  
2019-07-22 09:27:06.584 +0900 - info: path:/m15	page:0
2019-07-22 09:27:06.584 +0900 - info:  
2019-07-22 09:27:06.585 +0900 - info: path:/m16	page:0
2019-07-22 09:27:06.585 +0900 - info:  
2019-07-22 09:27:06.586 +0900 - info: path:/m17	page:0
2019-07-22 09:27:06.586 +0900 - info:  
2019-07-22 09:27:06.587 +0900 - info: path:/m18	page:0
2019-07-22 09:27:06.587 +0900 - info:  
2019-07-22 09:27:06.588 +0900 - info: path:/m19	page:0
2019-07-22 09:27:06.588 +0900 - info:  
2019-07-22 09:27:06.595 +0900 - info: 서버 준비완료!!
2019-07-22 09:59:31.344 +0900 - info: URL 모듈 시작
2019-07-22 09:59:31.352 +0900 - info: path:/m0	page:7
2019-07-22 09:59:31.353 +0900 - info:  
2019-07-22 09:59:31.354 +0900 - info: path:/m1	page:0
2019-07-22 09:59:31.354 +0900 - info:  
2019-07-22 09:59:31.354 +0900 - info: path:/m2	page:0
2019-07-22 09:59:31.354 +0900 - info:  
2019-07-22 09:59:31.356 +0900 - info: path:/m3	page:14
2019-07-22 09:59:31.357 +0900 - info:  
2019-07-22 09:59:31.357 +0900 - info: path:/m4	page:0
2019-07-22 09:59:31.357 +0900 - info:  
2019-07-22 09:59:31.358 +0900 - info: path:/m5	page:0
2019-07-22 09:59:31.358 +0900 - info:  
2019-07-22 09:59:31.359 +0900 - info: path:/m6	page:2
2019-07-22 09:59:31.359 +0900 - info:  
2019-07-22 09:59:31.360 +0900 - info: path:/m7	page:0
2019-07-22 09:59:31.360 +0900 - info:  
2019-07-22 09:59:31.360 +0900 - info: path:/m8	page:0
2019-07-22 09:59:31.361 +0900 - info:  
2019-07-22 09:59:31.361 +0900 - info: path:/m9	page:0
2019-07-22 09:59:31.361 +0900 - info:  
2019-07-22 09:59:31.362 +0900 - info: path:/m10	page:0
2019-07-22 09:59:31.362 +0900 - info:  
2019-07-22 09:59:31.363 +0900 - info: path:/m11	page:0
2019-07-22 09:59:31.363 +0900 - info:  
2019-07-22 09:59:31.364 +0900 - info: path:/m12	page:0
2019-07-22 09:59:31.364 +0900 - info:  
2019-07-22 09:59:31.364 +0900 - info: path:/m13	page:0
2019-07-22 09:59:31.365 +0900 - info:  
2019-07-22 09:59:31.365 +0900 - info: path:/m14	page:0
2019-07-22 09:59:31.365 +0900 - info:  
2019-07-22 09:59:31.366 +0900 - info: path:/m15	page:0
2019-07-22 09:59:31.366 +0900 - info:  
2019-07-22 09:59:31.367 +0900 - info: path:/m16	page:0
2019-07-22 09:59:31.367 +0900 - info:  
2019-07-22 09:59:31.368 +0900 - info: path:/m17	page:0
2019-07-22 09:59:31.368 +0900 - info:  
2019-07-22 09:59:31.369 +0900 - info: path:/m18	page:0
2019-07-22 09:59:31.369 +0900 - info:  
2019-07-22 09:59:31.369 +0900 - info: path:/m19	page:0
2019-07-22 09:59:31.370 +0900 - info:  
2019-07-22 09:59:31.376 +0900 - info: 서버 준비완료!!
2019-07-22 10:44:35.743 +0900 - info: URL 모듈 시작
2019-07-22 10:44:35.752 +0900 - info: path:/m0	page:7
2019-07-22 10:44:35.752 +0900 - info:  
2019-07-22 10:44:35.753 +0900 - info: path:/m1	page:0
2019-07-22 10:44:35.753 +0900 - info:  
2019-07-22 10:44:35.754 +0900 - info: path:/m2	page:0
2019-07-22 10:44:35.754 +0900 - info:  
2019-07-22 10:44:35.756 +0900 - info: path:/m3	page:14
2019-07-22 10:44:35.756 +0900 - info:  
2019-07-22 10:44:35.757 +0900 - info: path:/m4	page:0
2019-07-22 10:44:35.757 +0900 - info:  
2019-07-22 10:44:35.757 +0900 - info: path:/m5	page:0
2019-07-22 10:44:35.758 +0900 - info:  
2019-07-22 10:44:35.759 +0900 - info: path:/m6	page:2
2019-07-22 10:44:35.759 +0900 - info:  
2019-07-22 10:44:35.761 +0900 - info: path:/m7	page:0
2019-07-22 10:44:35.761 +0900 - info:  
2019-07-22 10:44:35.762 +0900 - info: path:/m8	page:0
2019-07-22 10:44:35.762 +0900 - info:  
2019-07-22 10:44:35.763 +0900 - info: path:/m9	page:0
2019-07-22 10:44:35.763 +0900 - info:  
2019-07-22 10:44:35.764 +0900 - info: path:/m10	page:0
2019-07-22 10:44:35.764 +0900 - info:  
2019-07-22 10:44:35.764 +0900 - info: path:/m11	page:0
2019-07-22 10:44:35.765 +0900 - info:  
2019-07-22 10:44:35.765 +0900 - info: path:/m12	page:0
2019-07-22 10:44:35.765 +0900 - info:  
2019-07-22 10:44:35.766 +0900 - info: path:/m13	page:0
2019-07-22 10:44:35.766 +0900 - info:  
2019-07-22 10:44:35.767 +0900 - info: path:/m14	page:0
2019-07-22 10:44:35.767 +0900 - info:  
2019-07-22 10:44:35.767 +0900 - info: path:/m15	page:0
2019-07-22 10:44:35.767 +0900 - info:  
2019-07-22 10:44:35.768 +0900 - info: path:/m16	page:0
2019-07-22 10:44:35.768 +0900 - info:  
2019-07-22 10:44:35.768 +0900 - info: path:/m17	page:0
2019-07-22 10:44:35.769 +0900 - info:  
2019-07-22 10:44:35.769 +0900 - info: path:/m18	page:0
2019-07-22 10:44:35.769 +0900 - info:  
2019-07-22 10:44:35.770 +0900 - info: path:/m19	page:0
2019-07-22 10:44:35.770 +0900 - info:  
2019-07-22 10:44:35.776 +0900 - info: 서버 준비완료!!
