2019-07-05 11:40:24.560 +0900 - info: >> Server init
2019-07-05 11:40:24.574 +0900 - info: >> Router init
2019-07-05 11:40:24.575 +0900 - info: >> Error init
2019-07-05 11:40:24.576 +0900 - info: >> Server Start
2019-07-05 11:40:24.583 +0900 - info: 서버 시작 : http://127.0.0.1:80
2019-07-05 11:40:37.108 +0900 - info: 세션 생성 : {"id":"","pw":""}
2019-07-05 11:44:17.604 +0900 - info: >> Server init
2019-07-05 11:44:17.619 +0900 - info: >> Router init
2019-07-05 11:44:17.620 +0900 - info: >> Error init
2019-07-05 11:44:17.621 +0900 - info: >> Server Start
2019-07-05 11:44:17.629 +0900 - info: 서버 시작 : http://127.0.0.1:80
2019-07-05 11:44:23.581 +0900 - info: 세션 생성 : {"id":"","pw":""}
2019-07-05 13:45:02.066 +0900 - info: 세션 생성 : {"id":"","pw":""}
2019-07-05 14:03:42.211 +0900 - info: >> Server init
2019-07-05 14:03:42.226 +0900 - info: >> Router init
2019-07-05 14:03:42.227 +0900 - info: >> Error init
2019-07-05 14:03:42.228 +0900 - info: >> Server Start
2019-07-05 14:03:42.236 +0900 - info: 서버 시작 : http://127.0.0.1:80
2019-07-05 15:24:08.400 +0900 - info: >> Server init
2019-07-05 15:24:08.415 +0900 - info: >> Router init
2019-07-05 15:24:08.416 +0900 - info: >> Error init
2019-07-05 15:24:08.418 +0900 - info: >> Server Start
2019-07-05 15:24:08.426 +0900 - info: 서버 시작 : http://127.0.0.1:80
2019-07-05 15:24:47.100 +0900 - info: >> Server init
2019-07-05 15:24:47.115 +0900 - info: >> Router init
2019-07-05 15:24:47.115 +0900 - info: >> Error init
2019-07-05 15:24:47.117 +0900 - info: >> Server Start
2019-07-05 15:24:47.125 +0900 - info: 서버 시작 : http://127.0.0.1:80
2019-07-05 15:26:35.010 +0900 - info: >> Server init
2019-07-05 15:26:35.026 +0900 - info: >> Router init
2019-07-05 15:26:35.027 +0900 - info: >> Error init
2019-07-05 15:26:35.028 +0900 - info: >> Server Start
2019-07-05 15:26:35.036 +0900 - info: 서버 시작 : http://127.0.0.1:80
2019-07-05 15:29:05.507 +0900 - info: >> Server init
2019-07-05 15:29:05.524 +0900 - info: >> Router init
2019-07-05 15:29:05.525 +0900 - info: >> Error init
2019-07-05 15:29:05.526 +0900 - info: >> Server Start
2019-07-05 15:29:05.534 +0900 - info: 서버 시작 : http://127.0.0.1:80
2019-07-05 15:34:51.417 +0900 - info: 세션 생성 : {"id":"","pw":""}
2019-07-05 15:35:37.739 +0900 - info: 세션 생성 : {"id":"","pw":""}
2019-07-05 16:42:41.157 +0900 - info: 세션 생성 : {"id":"","pw":""}
