2019-06-30 11:10:43.119 +0900 - info: >> Server init
2019-06-30 11:10:43.139 +0900 - info: >> Router init
2019-06-30 11:10:43.141 +0900 - info: >> Error init
2019-06-30 11:10:43.142 +0900 - info: >> Server Start
2019-06-30 11:10:43.275 +0900 - info: 서버 시작 : http://127.0.0.1:80
2019-06-30 11:10:47.538 +0900 - info: 세션 생성 : {"id":"","pw":""}
2019-06-30 11:11:34.614 +0900 - info: >> Server init
2019-06-30 11:11:34.627 +0900 - info: >> Router init
2019-06-30 11:11:34.629 +0900 - info: >> Error init
2019-06-30 11:11:34.631 +0900 - info: >> Server Start
2019-06-30 11:11:34.756 +0900 - info: 서버 시작 : http://127.0.0.1:80
2019-06-30 11:11:37.375 +0900 - info: 세션 생성 : {"id":"","pw":""}
2019-06-30 11:21:36.394 +0900 - info: >> Server init
2019-06-30 11:21:36.415 +0900 - info: >> Router init
2019-06-30 11:21:36.417 +0900 - info: >> Error init
2019-06-30 11:21:36.419 +0900 - info: >> Server Start
2019-06-30 11:21:36.540 +0900 - info: 서버 시작 : http://127.0.0.1:80
2019-06-30 11:21:45.285 +0900 - info: 세션 생성 : {"id":"","pw":""}
2019-06-30 12:03:55.293 +0900 - info: >> Server init
2019-06-30 12:03:55.309 +0900 - info: >> Router init
2019-06-30 12:03:55.310 +0900 - info: >> Error init
2019-06-30 12:03:55.312 +0900 - info: >> Server Start
2019-06-30 12:03:55.450 +0900 - info: 서버 시작 : http://127.0.0.1:80
2019-06-30 12:47:02.851 +0900 - info: 세션 생성 : {"id":"","pw":""}
2019-06-30 12:48:35.891 +0900 - info: >> Server init
2019-06-30 12:48:35.905 +0900 - info: >> Router init
2019-06-30 12:48:35.906 +0900 - info: >> Error init
2019-06-30 12:48:35.908 +0900 - info: >> Server Start
2019-06-30 12:48:36.030 +0900 - info: 서버 시작 : http://127.0.0.1:80
2019-06-30 12:48:44.000 +0900 - info: 세션 생성 : {"id":"","pw":""}
2019-06-30 13:03:51.154 +0900 - info: >> Server init
2019-06-30 13:03:51.168 +0900 - info: >> Router init
2019-06-30 13:03:51.169 +0900 - info: >> Error init
2019-06-30 13:03:51.171 +0900 - info: >> Server Start
2019-06-30 13:03:51.292 +0900 - info: 서버 시작 : http://127.0.0.1:80
2019-06-30 13:03:54.342 +0900 - info: 세션 생성 : {"id":"","pw":""}
2019-06-30 13:09:39.400 +0900 - info: >> Server init
2019-06-30 13:09:39.416 +0900 - info: >> Router init
2019-06-30 13:09:39.418 +0900 - info: >> Error init
2019-06-30 13:09:39.419 +0900 - info: >> Server Start
2019-06-30 13:09:39.547 +0900 - info: 서버 시작 : http://127.0.0.1:80
2019-06-30 13:09:55.803 +0900 - info: 세션 생성 : {"id":"","pw":""}
2019-06-30 13:17:00.773 +0900 - info: >> Server init
2019-06-30 13:17:00.785 +0900 - info: >> Router init
2019-06-30 13:17:00.787 +0900 - info: >> Error init
2019-06-30 13:17:00.791 +0900 - info: >> Server Start
2019-06-30 13:17:00.923 +0900 - info: 서버 시작 : http://127.0.0.1:80
2019-06-30 13:29:52.922 +0900 - info: >> Server init
2019-06-30 13:29:52.937 +0900 - info: >> Router init
2019-06-30 13:29:52.939 +0900 - info: >> Error init
2019-06-30 13:29:52.940 +0900 - info: >> Server Start
2019-06-30 13:29:53.078 +0900 - info: 서버 시작 : http://127.0.0.1:80
2019-06-30 13:29:57.122 +0900 - info: 세션 생성 : {"id":"","pw":""}
2019-06-30 13:36:07.866 +0900 - info: >> Server init
2019-06-30 13:36:07.880 +0900 - info: >> Router init
2019-06-30 13:36:07.882 +0900 - info: >> Error init
2019-06-30 13:36:07.884 +0900 - info: >> Server Start
2019-06-30 13:36:08.014 +0900 - info: 서버 시작 : http://127.0.0.1:80
2019-06-30 13:36:21.159 +0900 - info: 세션 생성 : {"id":"","pw":""}
2019-06-30 13:37:24.656 +0900 - info: >> Server init
2019-06-30 13:37:24.669 +0900 - info: >> Router init
2019-06-30 13:37:24.671 +0900 - info: >> Error init
2019-06-30 13:37:24.673 +0900 - info: >> Server Start
2019-06-30 13:37:24.804 +0900 - info: 서버 시작 : http://127.0.0.1:80
2019-06-30 13:37:31.327 +0900 - info: 세션 생성 : {"id":"","pw":""}
2019-06-30 13:41:23.549 +0900 - info: >> Server init
2019-06-30 13:41:23.562 +0900 - info: >> Router init
2019-06-30 13:41:23.565 +0900 - info: >> Error init
2019-06-30 13:41:23.566 +0900 - info: >> Server Start
2019-06-30 13:41:23.706 +0900 - info: 서버 시작 : http://127.0.0.1:80
2019-06-30 13:41:28.039 +0900 - info: 세션 생성 : {"id":"","pw":""}
