2019-07-01 09:31:17.795 +0900 - info: >> Server init
2019-07-01 09:31:17.809 +0900 - info: >> Router init
2019-07-01 09:31:17.810 +0900 - info: >> Error init
2019-07-01 09:31:17.811 +0900 - info: >> Server Start
2019-07-01 09:31:17.819 +0900 - info: 서버 시작 : http://127.0.0.1:80
2019-07-01 09:38:16.080 +0900 - info: 세션 생성 : {"id":"","pw":""}
2019-07-01 09:48:21.503 +0900 - info: 세션 생성 : {"id":"","pw":""}
2019-07-01 09:52:49.135 +0900 - info: 세션 생성 : {"id":"","pw":""}
2019-07-01 09:59:58.122 +0900 - info: >> Server init
2019-07-01 09:59:58.137 +0900 - info: >> Router init
2019-07-01 09:59:58.138 +0900 - info: >> Error init
2019-07-01 09:59:58.139 +0900 - info: >> Server Start
2019-07-01 09:59:58.148 +0900 - info: 서버 시작 : http://127.0.0.1:80
2019-07-01 10:04:21.462 +0900 - info: 세션 생성 : {"id":"","pw":""}
2019-07-01 10:09:04.274 +0900 - info: 세션 생성 : {"id":"","pw":""}
2019-07-01 10:22:18.310 +0900 - info: >> Server init
2019-07-01 10:22:18.325 +0900 - info: >> Router init
2019-07-01 10:22:18.326 +0900 - info: >> Error init
2019-07-01 10:22:18.327 +0900 - info: >> Server Start
2019-07-01 10:22:18.336 +0900 - info: 서버 시작 : http://127.0.0.1:80
2019-07-01 10:26:36.869 +0900 - info: >> Server init
2019-07-01 10:26:36.883 +0900 - info: >> Router init
2019-07-01 10:26:36.884 +0900 - info: >> Error init
2019-07-01 10:26:36.885 +0900 - info: >> Server Start
2019-07-01 10:26:36.892 +0900 - info: 서버 시작 : http://127.0.0.1:80
2019-07-01 10:40:37.425 +0900 - info: 세션 생성 : {"id":"","pw":""}
2019-07-01 10:48:00.424 +0900 - info: >> Server init
2019-07-01 10:48:00.452 +0900 - info: >> Router init
2019-07-01 10:48:00.453 +0900 - info: >> Error init
2019-07-01 10:48:00.455 +0900 - info: >> Server Start
2019-07-01 10:48:00.465 +0900 - info: 서버 시작 : http://127.0.0.1:80
2019-07-01 10:48:01.830 +0900 - info: 세션 생성 : {"id":"","pw":""}
2019-07-01 10:53:47.681 +0900 - info: 세션 생성 : {"id":"","pw":""}
2019-07-01 10:54:40.068 +0900 - info: >> Server init
2019-07-01 10:54:40.083 +0900 - info: >> Router init
2019-07-01 10:54:40.084 +0900 - info: >> Error init
2019-07-01 10:54:40.085 +0900 - info: >> Server Start
2019-07-01 10:54:40.092 +0900 - info: 서버 시작 : http://127.0.0.1:80
2019-07-01 10:54:45.533 +0900 - info: 세션 생성 : {"id":"","pw":""}
2019-07-01 11:20:45.997 +0900 - info: >> Server init
2019-07-01 11:20:46.012 +0900 - info: >> Router init
2019-07-01 11:20:46.013 +0900 - info: >> Error init
2019-07-01 11:20:46.014 +0900 - info: >> Server Start
2019-07-01 11:20:46.022 +0900 - info: 서버 시작 : http://127.0.0.1:80
2019-07-01 11:35:36.296 +0900 - info: >> Server init
2019-07-01 11:35:36.310 +0900 - info: >> Router init
2019-07-01 11:35:36.311 +0900 - info: >> Error init
2019-07-01 11:35:36.312 +0900 - info: >> Server Start
2019-07-01 11:35:36.320 +0900 - info: 서버 시작 : http://127.0.0.1:80
2019-07-01 12:03:49.968 +0900 - info: >> Server init
2019-07-01 12:03:49.982 +0900 - info: >> Router init
2019-07-01 12:03:49.983 +0900 - info: >> Error init
2019-07-01 12:03:49.984 +0900 - info: >> Server Start
2019-07-01 12:03:49.991 +0900 - info: 서버 시작 : http://127.0.0.1:80
2019-07-01 16:51:28.057 +0900 - info: 세션 생성 : {"id":"","pw":""}
