2019-06-29 14:01:31.692 +0900 - info: >> Server init
2019-06-29 14:01:31.725 +0900 - info: >> Router init
2019-06-29 14:01:31.728 +0900 - info: >> Error init
2019-06-29 14:01:31.731 +0900 - info: >> Server Start
2019-06-29 14:01:31.999 +0900 - info: 서버 시작 : http://127.0.0.1:80
2019-06-29 14:01:38.372 +0900 - info: 세션 생성 : {"id":"","pw":""}
2019-06-29 14:04:28.746 +0900 - info: 세션 생성 : {"id":"","pw":""}
2019-06-29 14:35:24.572 +0900 - info: 세션 생성 : {"id":"","pw":""}
2019-06-29 15:25:02.125 +0900 - info: >> Server init
2019-06-29 15:25:02.144 +0900 - info: >> Router init
2019-06-29 15:25:02.146 +0900 - info: >> Error init
2019-06-29 15:25:02.148 +0900 - info: >> Server Start
2019-06-29 15:25:02.275 +0900 - info: 서버 시작 : http://127.0.0.1:80
2019-06-29 15:25:07.038 +0900 - info: 세션 생성 : {"id":"","pw":""}
2019-06-29 15:27:23.690 +0900 - info: >> Server init
2019-06-29 15:27:23.702 +0900 - info: >> Router init
2019-06-29 15:27:23.704 +0900 - info: >> Error init
2019-06-29 15:27:23.705 +0900 - info: >> Server Start
2019-06-29 15:27:23.835 +0900 - info: 서버 시작 : http://127.0.0.1:80
2019-06-29 15:29:22.965 +0900 - info: >> Server init
2019-06-29 15:29:22.978 +0900 - info: >> Router init
2019-06-29 15:29:22.980 +0900 - info: >> Error init
2019-06-29 15:29:22.982 +0900 - info: >> Server Start
2019-06-29 15:29:23.106 +0900 - info: 서버 시작 : http://127.0.0.1:80
2019-06-29 15:29:27.432 +0900 - info: 세션 생성 : {"id":"","pw":""}
2019-06-29 15:32:38.218 +0900 - info: >> Server init
2019-06-29 15:32:38.232 +0900 - info: >> Router init
2019-06-29 15:32:38.234 +0900 - info: >> Error init
2019-06-29 15:32:38.236 +0900 - info: >> Server Start
2019-06-29 15:32:38.360 +0900 - info: 서버 시작 : http://127.0.0.1:80
2019-06-29 15:32:43.661 +0900 - info: 세션 생성 : {"id":"","pw":""}
2019-06-29 15:58:44.438 +0900 - info: 세션 생성 : {"id":"","pw":""}
2019-06-29 15:59:06.595 +0900 - info: >> Server init
2019-06-29 15:59:06.608 +0900 - info: >> Router init
2019-06-29 15:59:06.610 +0900 - info: >> Error init
2019-06-29 15:59:06.611 +0900 - info: >> Server Start
2019-06-29 15:59:06.734 +0900 - info: 서버 시작 : http://127.0.0.1:80
2019-06-29 16:00:19.066 +0900 - info: >> Server init
2019-06-29 16:00:19.079 +0900 - info: >> Router init
2019-06-29 16:00:19.081 +0900 - info: >> Error init
2019-06-29 16:00:19.083 +0900 - info: >> Server Start
2019-06-29 16:00:19.203 +0900 - info: 서버 시작 : http://127.0.0.1:80
2019-06-29 16:00:25.987 +0900 - info: 세션 생성 : {"id":"","pw":""}
2019-06-29 16:29:30.463 +0900 - info: >> Server init
2019-06-29 16:29:30.477 +0900 - info: >> Router init
2019-06-29 16:29:30.478 +0900 - info: >> Error init
2019-06-29 16:29:30.480 +0900 - info: >> Server Start
2019-06-29 16:29:30.599 +0900 - info: 서버 시작 : http://127.0.0.1:80
2019-06-29 16:29:34.781 +0900 - info: 세션 생성 : {"id":"","pw":""}
2019-06-29 18:30:09.100 +0900 - info: >> Server init
2019-06-29 18:30:09.114 +0900 - info: >> Router init
2019-06-29 18:30:09.115 +0900 - info: >> Error init
2019-06-29 18:30:09.117 +0900 - info: >> Server Start
2019-06-29 18:30:09.246 +0900 - info: 서버 시작 : http://127.0.0.1:80
2019-06-29 18:30:13.651 +0900 - info: 세션 생성 : {"id":"","pw":""}
2019-06-29 19:33:18.375 +0900 - info: >> Server init
2019-06-29 19:33:18.397 +0900 - info: >> Router init
2019-06-29 19:33:18.398 +0900 - info: >> Error init
2019-06-29 19:33:18.400 +0900 - info: >> Server Start
2019-06-29 19:33:18.527 +0900 - info: 서버 시작 : http://127.0.0.1:80
2019-06-30 00:28:34.083 +0900 - info: >> Server init
2019-06-30 00:28:34.097 +0900 - info: >> Router init
2019-06-30 00:28:34.099 +0900 - info: >> Error init
2019-06-30 00:28:34.101 +0900 - info: >> Server Start
2019-06-30 00:28:34.227 +0900 - info: 서버 시작 : http://127.0.0.1:80
2019-06-30 00:29:46.807 +0900 - info: >> Server init
2019-06-30 00:29:46.822 +0900 - info: >> Router init
2019-06-30 00:29:46.823 +0900 - info: >> Error init
2019-06-30 00:29:46.825 +0900 - info: >> Server Start
2019-06-30 00:29:46.951 +0900 - info: 서버 시작 : http://127.0.0.1:80
2019-06-30 00:33:37.454 +0900 - info: >> Server init
2019-06-30 00:33:37.469 +0900 - info: >> Router init
2019-06-30 00:33:37.470 +0900 - info: >> Error init
2019-06-30 00:33:37.475 +0900 - info: >> Server Start
2019-06-30 00:33:37.605 +0900 - info: 서버 시작 : http://127.0.0.1:80
2019-06-30 00:33:50.128 +0900 - info: 세션 생성 : {"id":"","pw":""}
2019-06-30 00:36:21.251 +0900 - info: >> Server init
2019-06-30 00:36:21.264 +0900 - info: >> Router init
2019-06-30 00:36:21.266 +0900 - info: >> Error init
2019-06-30 00:36:21.268 +0900 - info: >> Server Start
2019-06-30 00:36:21.398 +0900 - info: 서버 시작 : http://127.0.0.1:80
2019-06-30 00:36:26.684 +0900 - info: 세션 생성 : {"id":"","pw":""}
2019-06-30 00:37:28.160 +0900 - info: >> Server init
2019-06-30 00:37:28.174 +0900 - info: >> Router init
2019-06-30 00:37:28.176 +0900 - info: >> Error init
2019-06-30 00:37:28.177 +0900 - info: >> Server Start
2019-06-30 00:37:28.315 +0900 - info: 서버 시작 : http://127.0.0.1:80
2019-06-30 00:37:34.715 +0900 - info: 세션 생성 : {"id":"","pw":""}
2019-06-30 00:40:17.456 +0900 - info: >> Server init
2019-06-30 00:40:17.471 +0900 - info: >> Router init
2019-06-30 00:40:17.473 +0900 - info: >> Error init
2019-06-30 00:40:17.474 +0900 - info: >> Server Start
2019-06-30 00:40:17.657 +0900 - info: 서버 시작 : http://127.0.0.1:80
2019-06-30 00:41:35.068 +0900 - info: >> Server init
2019-06-30 00:41:35.080 +0900 - info: >> Router init
2019-06-30 00:41:35.082 +0900 - info: >> Error init
2019-06-30 00:41:35.084 +0900 - info: >> Server Start
2019-06-30 00:41:35.262 +0900 - info: 서버 시작 : http://127.0.0.1:80
2019-06-30 00:42:00.409 +0900 - info: >> Server init
2019-06-30 00:42:00.422 +0900 - info: >> Router init
2019-06-30 00:42:00.424 +0900 - info: >> Error init
2019-06-30 00:42:00.425 +0900 - info: >> Server Start
2019-06-30 00:42:00.554 +0900 - info: 서버 시작 : http://127.0.0.1:80
2019-06-30 00:42:16.772 +0900 - info: >> Server init
2019-06-30 00:42:16.787 +0900 - info: >> Router init
2019-06-30 00:42:16.794 +0900 - info: >> Error init
2019-06-30 00:42:16.796 +0900 - info: >> Server Start
2019-06-30 00:42:16.928 +0900 - info: 서버 시작 : http://127.0.0.1:80
2019-06-30 00:43:52.974 +0900 - info: >> Server init
2019-06-30 00:43:52.992 +0900 - info: >> Router init
2019-06-30 00:43:52.994 +0900 - info: >> Error init
2019-06-30 00:43:52.996 +0900 - info: >> Server Start
2019-06-30 00:43:53.129 +0900 - info: 서버 시작 : http://127.0.0.1:80
2019-06-30 00:44:09.600 +0900 - info: >> Server init
2019-06-30 00:44:09.616 +0900 - info: >> Router init
2019-06-30 00:44:09.617 +0900 - info: >> Error init
2019-06-30 00:44:09.619 +0900 - info: >> Server Start
2019-06-30 00:44:09.746 +0900 - info: 서버 시작 : http://127.0.0.1:80
2019-06-30 00:45:35.190 +0900 - info: >> Server init
2019-06-30 00:45:35.204 +0900 - info: >> Router init
2019-06-30 00:45:35.206 +0900 - info: >> Error init
2019-06-30 00:45:35.208 +0900 - info: >> Server Start
2019-06-30 00:45:35.393 +0900 - info: 서버 시작 : http://127.0.0.1:80
2019-06-30 00:49:45.676 +0900 - info: >> Server init
2019-06-30 00:49:45.691 +0900 - info: >> Router init
2019-06-30 00:49:45.693 +0900 - info: >> Error init
2019-06-30 00:49:45.695 +0900 - info: >> Server Start
2019-06-30 00:49:45.893 +0900 - info: 서버 시작 : http://127.0.0.1:80
2019-06-30 00:50:04.955 +0900 - info: >> Server init
2019-06-30 00:50:04.968 +0900 - info: >> Router init
2019-06-30 00:50:04.970 +0900 - info: >> Error init
2019-06-30 00:50:04.972 +0900 - info: >> Server Start
2019-06-30 00:50:05.110 +0900 - info: 서버 시작 : http://127.0.0.1:80
2019-06-30 00:50:22.605 +0900 - info: 세션 생성 : {"id":"","pw":""}
2019-06-30 00:50:53.142 +0900 - info: >> Server init
2019-06-30 00:50:53.155 +0900 - info: >> Router init
2019-06-30 00:50:53.157 +0900 - info: >> Error init
2019-06-30 00:50:53.159 +0900 - info: >> Server Start
2019-06-30 00:50:53.360 +0900 - info: 서버 시작 : http://127.0.0.1:80
2019-06-30 00:51:44.648 +0900 - info: >> Server init
2019-06-30 00:51:44.663 +0900 - info: >> Router init
2019-06-30 00:51:44.671 +0900 - info: >> Error init
2019-06-30 00:51:44.673 +0900 - info: >> Server Start
2019-06-30 00:51:44.834 +0900 - info: 서버 시작 : http://127.0.0.1:80
2019-06-30 00:56:45.773 +0900 - info: >> Server init
2019-06-30 00:56:45.787 +0900 - info: >> Router init
2019-06-30 00:56:45.789 +0900 - info: >> Error init
2019-06-30 00:56:45.791 +0900 - info: >> Server Start
2019-06-30 00:56:45.921 +0900 - info: 서버 시작 : http://127.0.0.1:80
2019-06-30 00:57:20.889 +0900 - info: >> Server init
2019-06-30 00:57:20.903 +0900 - info: >> Router init
2019-06-30 00:57:20.905 +0900 - info: >> Error init
2019-06-30 00:57:20.906 +0900 - info: >> Server Start
2019-06-30 00:57:21.036 +0900 - info: 서버 시작 : http://127.0.0.1:80
2019-06-30 00:57:23.480 +0900 - info: 세션 생성 : {"id":"","pw":""}
2019-06-30 00:59:22.591 +0900 - info: >> Server init
2019-06-30 00:59:22.605 +0900 - info: >> Router init
2019-06-30 00:59:22.606 +0900 - info: >> Error init
2019-06-30 00:59:22.608 +0900 - info: >> Server Start
2019-06-30 00:59:22.620 +0900 - info: 서버 시작 : http://127.0.0.1:80
2019-06-30 00:59:28.735 +0900 - info: 세션 생성 : {"id":"","pw":""}
2019-06-30 01:00:13.811 +0900 - info: >> Server init
2019-06-30 01:00:13.825 +0900 - info: >> Router init
2019-06-30 01:00:13.827 +0900 - info: >> Error init
2019-06-30 01:00:13.828 +0900 - info: >> Server Start
2019-06-30 01:00:13.953 +0900 - info: 서버 시작 : http://127.0.0.1:80
2019-06-30 01:00:17.873 +0900 - info: 세션 생성 : {"id":"","pw":""}
2019-06-30 01:00:56.415 +0900 - info: >> Server init
2019-06-30 01:00:56.430 +0900 - info: >> Router init
2019-06-30 01:00:56.432 +0900 - info: >> Error init
2019-06-30 01:00:56.433 +0900 - info: >> Server Start
2019-06-30 01:00:56.632 +0900 - info: 서버 시작 : http://127.0.0.1:80
