2019-06-27 09:20:13.358 +0900 - info: Server running~
2019-06-27 13:56:27.079 +0900 - info: Server running~
2019-06-27 13:57:30.847 +0900 - info: Server running~
2019-06-27 13:58:17.754 +0900 - info: Server running~
2019-06-27 13:59:54.481 +0900 - info: Server running~
2019-06-27 16:02:40.371 +0900 - info: Server running~
2019-06-27 16:05:06.284 +0900 - info: Server running~
2019-06-27 16:07:52.082 +0900 - info: Server running~
2019-06-27 16:09:20.370 +0900 - info: Server running~
2019-06-27 16:12:00.753 +0900 - info: Server running~
2019-06-27 16:13:01.989 +0900 - info: Server running~
2019-06-27 16:14:24.749 +0900 - info: Server running~
2019-06-27 16:20:42.024 +0900 - info: >> Server init
2019-06-27 16:20:42.038 +0900 - info: >> Router init
2019-06-27 16:20:42.039 +0900 - info: >> Error init
2019-06-27 16:20:42.040 +0900 - info: >> Server Start
2019-06-27 16:20:42.049 +0900 - info: 서버 시작 : http://127.0.0.1:80
2019-06-27 16:21:57.335 +0900 - info: >> Server init
2019-06-27 16:21:57.349 +0900 - info: >> Router init
2019-06-27 16:21:57.350 +0900 - info: >> Error init
2019-06-27 16:21:57.352 +0900 - info: >> Server Start
2019-06-27 16:21:57.360 +0900 - info: 서버 시작 : http://127.0.0.1:80
2019-06-27 16:22:59.863 +0900 - info: >> Server init
2019-06-27 16:22:59.877 +0900 - info: >> Router init
2019-06-27 16:22:59.878 +0900 - info: >> Error init
2019-06-27 16:22:59.879 +0900 - info: >> Server Start
2019-06-27 16:22:59.887 +0900 - info: 서버 시작 : http://127.0.0.1:80
2019-06-27 16:25:10.552 +0900 - info: >> Server init
2019-06-27 16:25:10.567 +0900 - info: >> Router init
2019-06-27 16:25:10.568 +0900 - info: >> Error init
2019-06-27 16:25:10.569 +0900 - info: >> Server Start
2019-06-27 16:25:10.576 +0900 - info: 서버 시작 : http://127.0.0.1:80
2019-06-27 16:26:52.105 +0900 - info: >> Server init
2019-06-27 16:26:52.122 +0900 - info: >> Router init
2019-06-27 16:26:52.123 +0900 - info: >> Error init
2019-06-27 16:26:52.124 +0900 - info: >> Server Start
2019-06-27 16:26:52.133 +0900 - info: 서버 시작 : http://127.0.0.1:80
2019-06-27 17:02:49.036 +0900 - info: >> Server init
2019-06-27 17:02:49.051 +0900 - info: >> Router init
2019-06-27 17:02:49.051 +0900 - info: >> Error init
2019-06-27 17:02:49.052 +0900 - info: >> Server Start
2019-06-27 17:02:49.060 +0900 - info: 서버 시작 : http://127.0.0.1:80
2019-06-27 17:03:12.171 +0900 - info: >> Server init
2019-06-27 17:03:12.185 +0900 - info: >> Router init
2019-06-27 17:03:12.186 +0900 - info: >> Error init
2019-06-27 17:03:12.187 +0900 - info: >> Server Start
2019-06-27 17:03:12.190 +0900 - info: 서버 시작 : http://127.0.0.1:80
2019-06-27 17:57:43.443 +0900 - info: >> Server init
2019-06-27 17:57:43.456 +0900 - info: >> Router init
2019-06-27 17:57:43.457 +0900 - info: >> Error init
2019-06-27 17:57:43.458 +0900 - info: >> Server Start
2019-06-27 17:57:43.461 +0900 - info: 서버 시작 : http://127.0.0.1:80
2019-06-27 19:05:15.145 +0900 - info: >> Server init
2019-06-27 19:05:15.158 +0900 - info: >> Router init
2019-06-27 19:05:15.159 +0900 - info: >> Error init
2019-06-27 19:05:15.160 +0900 - info: >> Server Start
2019-06-27 19:05:15.163 +0900 - info: 서버 시작 : http://127.0.0.1:80
2019-06-27 19:13:29.465 +0900 - info: >> Server init
2019-06-27 19:13:29.478 +0900 - info: >> Router init
2019-06-27 19:13:29.479 +0900 - info: >> Error init
2019-06-27 19:13:29.480 +0900 - info: >> Server Start
2019-06-27 19:13:29.483 +0900 - info: 서버 시작 : http://127.0.0.1:80
2019-06-27 19:19:44.359 +0900 - info: >> Server init
2019-06-27 19:19:44.372 +0900 - info: >> Router init
2019-06-27 19:19:44.373 +0900 - info: >> Error init
2019-06-27 19:19:44.373 +0900 - info: >> Server Start
2019-06-27 19:19:44.376 +0900 - info: 서버 시작 : http://127.0.0.1:80
2019-06-27 19:32:44.994 +0900 - info: >> Server init
2019-06-27 19:32:45.007 +0900 - info: >> Router init
2019-06-27 19:32:45.007 +0900 - info: >> Error init
2019-06-27 19:32:45.008 +0900 - info: >> Server Start
2019-06-27 19:32:45.011 +0900 - info: 서버 시작 : http://127.0.0.1:80
2019-06-27 19:33:09.534 +0900 - info: >> Server init
2019-06-27 19:33:09.549 +0900 - info: >> Router init
2019-06-27 19:33:09.549 +0900 - info: >> Error init
2019-06-27 19:33:09.550 +0900 - info: >> Server Start
2019-06-27 19:33:09.558 +0900 - info: 서버 시작 : http://127.0.0.1:80
2019-06-27 19:33:45.069 +0900 - info: >> Server init
2019-06-27 19:33:45.083 +0900 - info: >> Router init
2019-06-27 19:33:45.084 +0900 - info: >> Error init
2019-06-27 19:33:45.085 +0900 - info: >> Server Start
2019-06-27 19:33:45.089 +0900 - info: 서버 시작 : http://127.0.0.1:80
2019-06-27 19:34:24.670 +0900 - info: >> Server init
2019-06-27 19:34:24.684 +0900 - info: >> Router init
2019-06-27 19:34:24.685 +0900 - info: >> Error init
2019-06-27 19:34:24.686 +0900 - info: >> Server Start
2019-06-27 19:34:24.694 +0900 - info: 서버 시작 : http://127.0.0.1:80
2019-06-27 19:35:52.293 +0900 - info: >> Server init
2019-06-27 19:35:52.308 +0900 - info: >> Router init
2019-06-27 19:35:52.310 +0900 - info: >> Error init
2019-06-27 19:35:52.311 +0900 - info: >> Server Start
2019-06-27 19:35:52.319 +0900 - info: 서버 시작 : http://127.0.0.1:80
2019-06-27 19:36:01.450 +0900 - info: >> Server init
2019-06-27 19:36:01.465 +0900 - info: >> Router init
2019-06-27 19:36:01.468 +0900 - info: >> Error init
2019-06-27 19:36:01.469 +0900 - info: >> Server Start
2019-06-27 19:36:01.477 +0900 - info: 서버 시작 : http://127.0.0.1:80
2019-06-27 19:36:57.832 +0900 - info: >> Server init
2019-06-27 19:36:57.846 +0900 - info: >> Router init
2019-06-27 19:36:57.849 +0900 - info: >> Error init
2019-06-27 19:36:57.851 +0900 - info: >> Server Start
2019-06-27 19:36:57.858 +0900 - info: 서버 시작 : http://127.0.0.1:80
2019-06-27 19:37:29.305 +0900 - info: >> Server init
2019-06-27 19:37:29.320 +0900 - info: >> Router init
2019-06-27 19:37:29.323 +0900 - info: >> Error init
2019-06-27 19:37:29.324 +0900 - info: >> Server Start
2019-06-27 19:37:29.331 +0900 - info: 서버 시작 : http://127.0.0.1:80
2019-06-27 19:42:33.878 +0900 - info: >> Server init
2019-06-27 19:42:33.893 +0900 - info: >> Router init
2019-06-27 19:42:33.895 +0900 - info: >> Error init
2019-06-27 19:42:33.896 +0900 - info: >> Server Start
2019-06-27 19:42:33.904 +0900 - info: 서버 시작 : http://127.0.0.1:80
2019-06-27 19:58:07.893 +0900 - info: >> Server init
2019-06-27 19:58:07.907 +0900 - info: >> Router init
2019-06-27 19:58:07.907 +0900 - info: >> Error init
2019-06-27 19:58:07.908 +0900 - info: >> Server Start
2019-06-27 19:58:07.916 +0900 - info: 서버 시작 : http://127.0.0.1:80
2019-06-27 20:08:18.205 +0900 - info: >> Server init
2019-06-27 20:08:18.219 +0900 - info: >> Router init
2019-06-27 20:08:18.220 +0900 - info: >> Error init
2019-06-27 20:08:18.221 +0900 - info: >> Server Start
2019-06-27 20:08:18.229 +0900 - info: 서버 시작 : http://127.0.0.1:80
2019-06-27 20:17:01.901 +0900 - info: >> Server init
2019-06-27 20:17:01.916 +0900 - info: >> Router init
2019-06-27 20:17:01.917 +0900 - info: >> Error init
2019-06-27 20:17:01.917 +0900 - info: >> Server Start
2019-06-27 20:17:01.925 +0900 - info: 서버 시작 : http://127.0.0.1:80
2019-06-27 20:19:17.926 +0900 - info: >> Server init
2019-06-27 20:19:17.940 +0900 - info: >> Router init
2019-06-27 20:19:17.941 +0900 - info: >> Error init
2019-06-27 20:19:17.942 +0900 - info: >> Server Start
2019-06-27 20:19:17.949 +0900 - info: 서버 시작 : http://127.0.0.1:80
