2019-07-03 10:20:26.139 +0900 - info: >> Server init
2019-07-03 10:20:26.154 +0900 - info: >> Router init
2019-07-03 10:20:26.155 +0900 - info: >> Error init
2019-07-03 10:20:26.156 +0900 - info: >> Server Start
2019-07-03 10:20:26.164 +0900 - info: 서버 시작 : http://127.0.0.1:80
2019-07-03 10:20:31.568 +0900 - info: 세션 생성 : {"id":"","pw":""}
2019-07-03 10:24:37.240 +0900 - info: >> Server init
2019-07-03 10:24:37.255 +0900 - info: >> Router init
2019-07-03 10:24:37.255 +0900 - info: >> Error init
2019-07-03 10:24:37.256 +0900 - info: >> Server Start
2019-07-03 10:24:37.264 +0900 - info: 서버 시작 : http://127.0.0.1:80
2019-07-03 10:25:01.715 +0900 - info: 세션 생성 : {"id":"","pw":""}
2019-07-03 10:26:47.817 +0900 - info: >> Server init
2019-07-03 10:26:47.831 +0900 - info: >> Router init
2019-07-03 10:26:47.832 +0900 - info: >> Error init
2019-07-03 10:26:47.833 +0900 - info: >> Server Start
2019-07-03 10:26:47.841 +0900 - info: 서버 시작 : http://127.0.0.1:80
2019-07-03 10:26:50.626 +0900 - info: 세션 생성 : {"id":"","pw":""}
2019-07-03 10:27:28.343 +0900 - info: >> Server init
2019-07-03 10:27:28.358 +0900 - info: >> Router init
2019-07-03 10:27:28.360 +0900 - info: >> Error init
2019-07-03 10:27:28.361 +0900 - info: >> Server Start
2019-07-03 10:27:28.368 +0900 - info: 서버 시작 : http://127.0.0.1:80
2019-07-03 10:27:32.058 +0900 - info: 세션 생성 : {"id":"","pw":""}
2019-07-03 10:28:02.675 +0900 - info: >> Server init
2019-07-03 10:28:02.691 +0900 - info: >> Router init
2019-07-03 10:28:02.692 +0900 - info: >> Error init
2019-07-03 10:28:02.693 +0900 - info: >> Server Start
2019-07-03 10:28:02.700 +0900 - info: 서버 시작 : http://127.0.0.1:80
2019-07-03 10:28:06.509 +0900 - info: 세션 생성 : {"id":"","pw":""}
2019-07-03 10:28:53.700 +0900 - info: >> Server init
2019-07-03 10:28:53.717 +0900 - info: >> Router init
2019-07-03 10:28:53.718 +0900 - info: >> Error init
2019-07-03 10:28:53.720 +0900 - info: >> Server Start
2019-07-03 10:28:53.729 +0900 - info: 서버 시작 : http://127.0.0.1:80
2019-07-03 10:28:56.194 +0900 - info: 세션 생성 : {"id":"","pw":""}
2019-07-03 10:29:47.550 +0900 - info: >> Server init
2019-07-03 10:29:47.564 +0900 - info: >> Router init
2019-07-03 10:29:47.565 +0900 - info: >> Error init
2019-07-03 10:29:47.566 +0900 - info: >> Server Start
2019-07-03 10:29:47.573 +0900 - info: 서버 시작 : http://127.0.0.1:80
2019-07-03 10:29:50.714 +0900 - info: 세션 생성 : {"id":"","pw":""}
2019-07-03 10:29:59.669 +0900 - info: >> Server init
2019-07-03 10:29:59.683 +0900 - info: >> Router init
2019-07-03 10:29:59.684 +0900 - info: >> Error init
2019-07-03 10:29:59.685 +0900 - info: >> Server Start
2019-07-03 10:29:59.693 +0900 - info: 서버 시작 : http://127.0.0.1:80
2019-07-03 10:30:02.020 +0900 - info: 세션 생성 : {"id":"","pw":""}
2019-07-03 11:05:13.949 +0900 - info: 세션 생성 : {"id":"","pw":""}
2019-07-03 11:59:35.194 +0900 - info: >> Server init
2019-07-03 11:59:35.208 +0900 - info: >> Router init
2019-07-03 11:59:35.210 +0900 - info: >> Error init
2019-07-03 11:59:35.211 +0900 - info: >> Server Start
2019-07-03 11:59:35.219 +0900 - info: 서버 시작 : http://127.0.0.1:80
2019-07-03 14:19:34.600 +0900 - info: >> Server init
2019-07-03 14:19:34.614 +0900 - info: >> Router init
2019-07-03 14:19:34.615 +0900 - info: >> Error init
2019-07-03 14:19:34.616 +0900 - info: >> Server Start
2019-07-03 14:19:34.624 +0900 - info: 서버 시작 : http://127.0.0.1:80
2019-07-03 15:17:47.846 +0900 - info: >> Server init
2019-07-03 15:17:47.861 +0900 - info: >> Router init
2019-07-03 15:17:47.862 +0900 - info: >> Error init
2019-07-03 15:17:47.863 +0900 - info: >> Server Start
2019-07-03 15:17:47.870 +0900 - info: 서버 시작 : http://127.0.0.1:80
2019-07-03 15:30:13.866 +0900 - info: >> Server init
2019-07-03 15:30:13.880 +0900 - info: >> Router init
2019-07-03 15:30:13.881 +0900 - info: >> Error init
2019-07-03 15:30:13.882 +0900 - info: >> Server Start
2019-07-03 15:30:13.889 +0900 - info: 서버 시작 : http://127.0.0.1:80
2019-07-03 15:30:22.673 +0900 - info: >> Server init
2019-07-03 15:30:22.687 +0900 - info: >> Router init
2019-07-03 15:30:22.688 +0900 - info: >> Error init
2019-07-03 15:30:22.689 +0900 - info: >> Server Start
2019-07-03 15:30:22.709 +0900 - info: 서버 시작 : http://127.0.0.1:80
2019-07-03 15:30:27.453 +0900 - info: 세션 생성 : {"id":"","pw":""}
2019-07-03 15:30:41.263 +0900 - info: >> Server init
2019-07-03 15:30:41.278 +0900 - info: >> Router init
2019-07-03 15:30:41.279 +0900 - info: >> Error init
2019-07-03 15:30:41.279 +0900 - info: >> Server Start
2019-07-03 15:30:41.287 +0900 - info: 서버 시작 : http://127.0.0.1:80
2019-07-03 15:30:46.981 +0900 - info: 세션 생성 : {"id":"","pw":""}
2019-07-03 15:31:24.841 +0900 - info: >> Server init
2019-07-03 15:31:24.855 +0900 - info: >> Router init
2019-07-03 15:31:24.855 +0900 - info: >> Error init
2019-07-03 15:31:24.856 +0900 - info: >> Server Start
2019-07-03 15:31:24.864 +0900 - info: 서버 시작 : http://127.0.0.1:80
2019-07-03 15:31:27.033 +0900 - info: 세션 생성 : {"id":"","pw":""}
2019-07-03 15:31:51.081 +0900 - info: >> Server init
2019-07-03 15:31:51.095 +0900 - info: >> Router init
2019-07-03 15:31:51.096 +0900 - info: >> Error init
2019-07-03 15:31:51.098 +0900 - info: >> Server Start
2019-07-03 15:31:51.118 +0900 - info: 서버 시작 : http://127.0.0.1:80
2019-07-03 15:31:52.393 +0900 - info: 세션 생성 : {"id":"","pw":""}
2019-07-03 15:33:35.056 +0900 - info: >> Server init
2019-07-03 15:33:35.071 +0900 - info: >> Router init
2019-07-03 15:33:35.072 +0900 - info: >> Error init
2019-07-03 15:33:35.073 +0900 - info: >> Server Start
2019-07-03 15:33:35.081 +0900 - info: 서버 시작 : http://127.0.0.1:80
2019-07-03 15:33:37.280 +0900 - info: 세션 생성 : {"id":"","pw":""}
2019-07-03 15:39:50.162 +0900 - info: >> Server init
2019-07-03 15:39:50.178 +0900 - info: >> Router init
2019-07-03 15:39:50.179 +0900 - info: >> Error init
2019-07-03 15:39:50.180 +0900 - info: >> Server Start
2019-07-03 15:39:50.189 +0900 - info: 서버 시작 : http://127.0.0.1:80
2019-07-03 15:39:53.145 +0900 - info: 세션 생성 : {"id":"","pw":""}
2019-07-03 15:47:17.540 +0900 - info: >> Server init
2019-07-03 15:47:17.555 +0900 - info: >> Router init
2019-07-03 15:47:17.555 +0900 - info: >> Error init
2019-07-03 15:47:17.556 +0900 - info: >> Server Start
2019-07-03 15:47:17.563 +0900 - info: 서버 시작 : http://127.0.0.1:80
2019-07-03 15:47:24.267 +0900 - info: 세션 생성 : {"id":"","pw":""}
2019-07-03 15:50:34.839 +0900 - info: >> Server init
2019-07-03 15:50:34.854 +0900 - info: >> Router init
2019-07-03 15:50:34.854 +0900 - info: >> Error init
2019-07-03 15:50:34.855 +0900 - info: >> Server Start
2019-07-03 15:50:34.863 +0900 - info: 서버 시작 : http://127.0.0.1:80
2019-07-03 15:50:36.995 +0900 - info: 세션 생성 : {"id":"","pw":""}
2019-07-03 15:51:12.669 +0900 - info: >> Server init
2019-07-03 15:51:12.683 +0900 - info: >> Router init
2019-07-03 15:51:12.684 +0900 - info: >> Error init
2019-07-03 15:51:12.684 +0900 - info: >> Server Start
2019-07-03 15:51:12.692 +0900 - info: 서버 시작 : http://127.0.0.1:80
2019-07-03 15:51:15.105 +0900 - info: 세션 생성 : {"id":"","pw":""}
2019-07-03 15:59:55.274 +0900 - info: >> Server init
2019-07-03 15:59:55.288 +0900 - info: >> Router init
2019-07-03 15:59:55.289 +0900 - info: >> Error init
2019-07-03 15:59:55.289 +0900 - info: >> Server Start
2019-07-03 15:59:55.296 +0900 - info: 서버 시작 : http://127.0.0.1:80
2019-07-03 15:59:57.697 +0900 - info: 세션 생성 : {"id":"","pw":""}
2019-07-03 16:01:16.794 +0900 - info: >> Server init
2019-07-03 16:01:16.809 +0900 - info: >> Router init
2019-07-03 16:01:16.810 +0900 - info: >> Error init
2019-07-03 16:01:16.810 +0900 - info: >> Server Start
2019-07-03 16:01:16.818 +0900 - info: 서버 시작 : http://127.0.0.1:80
2019-07-03 16:01:19.057 +0900 - info: 세션 생성 : {"id":"","pw":""}
2019-07-03 16:02:29.021 +0900 - info: >> Server init
2019-07-03 16:02:29.036 +0900 - info: >> Router init
2019-07-03 16:02:29.037 +0900 - info: >> Error init
2019-07-03 16:02:29.037 +0900 - info: >> Server Start
2019-07-03 16:02:29.045 +0900 - info: 서버 시작 : http://127.0.0.1:80
2019-07-03 16:02:31.184 +0900 - info: 세션 생성 : {"id":"","pw":""}
2019-07-03 16:03:47.969 +0900 - info: >> Server init
2019-07-03 16:03:47.983 +0900 - info: >> Router init
2019-07-03 16:03:47.984 +0900 - info: >> Error init
2019-07-03 16:03:47.985 +0900 - info: >> Server Start
2019-07-03 16:03:47.993 +0900 - info: 서버 시작 : http://127.0.0.1:80
2019-07-03 16:03:49.856 +0900 - info: 세션 생성 : {"id":"","pw":""}
2019-07-03 16:04:06.933 +0900 - info: >> Server init
2019-07-03 16:04:06.947 +0900 - info: >> Router init
2019-07-03 16:04:06.948 +0900 - info: >> Error init
2019-07-03 16:04:06.948 +0900 - info: >> Server Start
2019-07-03 16:04:06.957 +0900 - info: 서버 시작 : http://127.0.0.1:80
2019-07-03 16:04:08.899 +0900 - info: 세션 생성 : {"id":"","pw":""}
2019-07-03 16:05:31.006 +0900 - info: >> Server init
2019-07-03 16:05:31.020 +0900 - info: >> Router init
2019-07-03 16:05:31.021 +0900 - info: >> Error init
2019-07-03 16:05:31.021 +0900 - info: >> Server Start
2019-07-03 16:05:31.029 +0900 - info: 서버 시작 : http://127.0.0.1:80
2019-07-03 16:05:33.057 +0900 - info: 세션 생성 : {"id":"","pw":""}
2019-07-03 16:06:00.231 +0900 - info: >> Server init
2019-07-03 16:06:00.245 +0900 - info: >> Router init
2019-07-03 16:06:00.246 +0900 - info: >> Error init
2019-07-03 16:06:00.247 +0900 - info: >> Server Start
2019-07-03 16:06:00.254 +0900 - info: 서버 시작 : http://127.0.0.1:80
2019-07-03 16:06:02.041 +0900 - info: 세션 생성 : {"id":"","pw":""}
2019-07-03 16:10:54.523 +0900 - info: >> Server init
2019-07-03 16:10:54.537 +0900 - info: >> Router init
2019-07-03 16:10:54.538 +0900 - info: >> Error init
2019-07-03 16:10:54.539 +0900 - info: >> Server Start
2019-07-03 16:10:54.546 +0900 - info: 서버 시작 : http://127.0.0.1:80
