2019-06-28 09:20:36.888 +0900 - info: >> Server init
2019-06-28 09:20:36.902 +0900 - info: >> Router init
2019-06-28 09:20:36.903 +0900 - info: >> Error init
2019-06-28 09:20:36.904 +0900 - info: >> Server Start
2019-06-28 09:20:36.912 +0900 - info: 서버 시작 : http://127.0.0.1:80
2019-06-28 09:26:13.388 +0900 - info: 세션 생성 : {"id":"","pw":""}
2019-06-28 09:32:00.488 +0900 - info: >> Server init
2019-06-28 09:32:00.502 +0900 - info: >> Router init
2019-06-28 09:32:00.503 +0900 - info: >> Error init
2019-06-28 09:32:00.504 +0900 - info: >> Server Start
2019-06-28 09:32:00.512 +0900 - info: 서버 시작 : http://127.0.0.1:80
2019-06-28 09:32:20.297 +0900 - info: 세션 생성 : {"id":"","pw":""}
2019-06-28 09:33:08.659 +0900 - info: >> Server init
2019-06-28 09:33:08.673 +0900 - info: >> Router init
2019-06-28 09:33:08.674 +0900 - info: >> Error init
2019-06-28 09:33:08.676 +0900 - info: >> Server Start
2019-06-28 09:33:08.684 +0900 - info: 서버 시작 : http://127.0.0.1:80
2019-06-28 09:33:11.806 +0900 - info: 세션 생성 : {"id":"","pw":""}
2019-06-28 09:33:32.404 +0900 - info: >> Server init
2019-06-28 09:33:32.418 +0900 - info: >> Router init
2019-06-28 09:33:32.419 +0900 - info: >> Error init
2019-06-28 09:33:32.420 +0900 - info: >> Server Start
2019-06-28 09:33:32.428 +0900 - info: 서버 시작 : http://127.0.0.1:80
2019-06-28 09:33:34.781 +0900 - info: 세션 생성 : {"id":"","pw":""}
2019-06-28 09:34:06.658 +0900 - info: >> Server init
2019-06-28 09:34:06.675 +0900 - info: >> Router init
2019-06-28 09:34:06.676 +0900 - info: >> Error init
2019-06-28 09:34:06.677 +0900 - info: >> Server Start
2019-06-28 09:34:06.686 +0900 - info: 서버 시작 : http://127.0.0.1:80
2019-06-28 09:34:08.101 +0900 - info: 세션 생성 : {"id":"","pw":""}
2019-06-28 09:34:51.415 +0900 - info: >> Server init
2019-06-28 09:34:51.429 +0900 - info: >> Router init
2019-06-28 09:34:51.430 +0900 - info: >> Error init
2019-06-28 09:34:51.430 +0900 - info: >> Server Start
2019-06-28 09:34:51.438 +0900 - info: 서버 시작 : http://127.0.0.1:80
2019-06-28 09:34:54.920 +0900 - info: 세션 생성 : {"id":"","pw":""}
2019-06-28 09:35:59.690 +0900 - info: >> Server init
2019-06-28 09:35:59.704 +0900 - info: >> Router init
2019-06-28 09:35:59.705 +0900 - info: >> Error init
2019-06-28 09:35:59.705 +0900 - info: >> Server Start
2019-06-28 09:35:59.713 +0900 - info: 서버 시작 : http://127.0.0.1:80
2019-06-28 09:36:02.472 +0900 - info: 세션 생성 : {"id":"","pw":""}
2019-06-28 09:40:09.971 +0900 - info: 세션 생성 : {"id":"","pw":""}
2019-06-28 09:43:50.461 +0900 - info: >> Server init
2019-06-28 09:43:50.475 +0900 - info: >> Router init
2019-06-28 09:43:50.476 +0900 - info: >> Error init
2019-06-28 09:43:50.477 +0900 - info: >> Server Start
2019-06-28 09:43:50.484 +0900 - info: 서버 시작 : http://127.0.0.1:80
2019-06-28 09:43:55.395 +0900 - info: 세션 생성 : {"id":"","pw":""}
2019-06-28 09:45:52.547 +0900 - info: >> Server init
2019-06-28 09:45:52.562 +0900 - info: >> Router init
2019-06-28 09:45:52.563 +0900 - info: >> Error init
2019-06-28 09:45:52.564 +0900 - info: >> Server Start
2019-06-28 09:45:52.572 +0900 - info: 서버 시작 : http://127.0.0.1:80
2019-06-28 09:45:55.580 +0900 - info: 세션 생성 : {"id":"","pw":""}
2019-06-28 09:48:01.016 +0900 - info: >> Server init
2019-06-28 09:48:01.030 +0900 - info: >> Router init
2019-06-28 09:48:01.031 +0900 - info: >> Error init
2019-06-28 09:48:01.031 +0900 - info: >> Server Start
2019-06-28 09:48:01.039 +0900 - info: 서버 시작 : http://127.0.0.1:80
2019-06-28 09:48:05.816 +0900 - info: 세션 생성 : {"id":"","pw":""}
2019-06-28 09:48:51.954 +0900 - info: 세션 생성 : {"id":"","pw":""}
2019-06-28 09:48:54.346 +0900 - info: 세션 생성 : {"id":"","pw":""}
2019-06-28 09:48:55.986 +0900 - info: 세션 생성 : {"id":"","pw":""}
2019-06-28 09:49:19.970 +0900 - info: 세션 생성 : {"id":"","pw":""}
2019-06-28 09:50:29.875 +0900 - info: 세션 생성 : {"id":"","pw":""}
2019-06-28 09:51:36.786 +0900 - info: 세션 생성 : {"id":"","pw":""}
2019-06-28 09:53:44.338 +0900 - info: 세션 삭제 : {"id":"","pw":""}
2019-06-28 09:53:44.339 +0900 - info: 로그아웃 완료!
2019-06-28 09:53:45.058 +0900 - info: 세션 생성 : {"id":"","pw":""}
2019-06-28 10:07:18.699 +0900 - info: 세션 생성 : {"id":"","pw":""}
2019-06-28 10:08:31.510 +0900 - info: >> Server init
2019-06-28 10:08:31.525 +0900 - info: >> Router init
2019-06-28 10:08:31.526 +0900 - info: >> Error init
2019-06-28 10:08:31.526 +0900 - info: >> Server Start
2019-06-28 10:08:31.534 +0900 - info: 서버 시작 : http://127.0.0.1:80
2019-06-28 10:08:35.310 +0900 - info: 세션 생성 : {"id":"","pw":""}
2019-06-28 10:09:04.283 +0900 - info: >> Server init
2019-06-28 10:09:04.298 +0900 - info: >> Router init
2019-06-28 10:09:04.299 +0900 - info: >> Error init
2019-06-28 10:09:04.300 +0900 - info: >> Server Start
2019-06-28 10:09:04.308 +0900 - info: 서버 시작 : http://127.0.0.1:80
2019-06-28 10:09:08.304 +0900 - info: 세션 생성 : {"id":"","pw":""}
2019-06-28 10:10:16.894 +0900 - info: >> Server init
2019-06-28 10:10:16.908 +0900 - info: >> Router init
2019-06-28 10:10:16.909 +0900 - info: >> Error init
2019-06-28 10:10:16.910 +0900 - info: >> Server Start
2019-06-28 10:10:16.917 +0900 - info: 서버 시작 : http://127.0.0.1:80
2019-06-28 10:10:21.103 +0900 - info: 세션 생성 : {"id":"","pw":""}
2019-06-28 10:10:52.088 +0900 - info: >> Server init
2019-06-28 10:10:52.103 +0900 - info: >> Router init
2019-06-28 10:10:52.104 +0900 - info: >> Error init
2019-06-28 10:10:52.105 +0900 - info: >> Server Start
2019-06-28 10:10:52.113 +0900 - info: 서버 시작 : http://127.0.0.1:80
2019-06-28 10:10:55.595 +0900 - info: 세션 생성 : {"id":"","pw":""}
2019-06-28 10:12:03.427 +0900 - info: 세션 생성 : {"id":"","pw":""}
2019-06-28 10:21:05.708 +0900 - info: >> Server init
2019-06-28 10:21:05.723 +0900 - info: >> Router init
2019-06-28 10:21:05.724 +0900 - info: >> Error init
2019-06-28 10:21:05.724 +0900 - info: >> Server Start
2019-06-28 10:21:05.732 +0900 - info: 서버 시작 : http://127.0.0.1:80
2019-06-28 10:21:23.184 +0900 - info: 세션 생성 : {"id":"","pw":""}
2019-06-28 10:28:54.051 +0900 - info: >> Server init
2019-06-28 10:28:54.066 +0900 - info: >> Router init
2019-06-28 10:28:54.066 +0900 - info: >> Error init
2019-06-28 10:28:54.067 +0900 - info: >> Server Start
2019-06-28 10:28:54.075 +0900 - info: 서버 시작 : http://127.0.0.1:80
2019-06-28 10:28:58.408 +0900 - info: 세션 생성 : {"id":"","pw":""}
2019-06-28 10:29:34.130 +0900 - info: >> Server init
2019-06-28 10:29:34.144 +0900 - info: >> Router init
2019-06-28 10:29:34.144 +0900 - info: >> Error init
2019-06-28 10:29:34.145 +0900 - info: >> Server Start
2019-06-28 10:29:34.153 +0900 - info: 서버 시작 : http://127.0.0.1:80
2019-06-28 10:29:36.630 +0900 - info: 세션 생성 : {"id":"","pw":""}
2019-06-28 10:42:11.916 +0900 - info: >> Server init
2019-06-28 10:42:11.930 +0900 - info: >> Router init
2019-06-28 10:42:11.931 +0900 - info: >> Error init
2019-06-28 10:42:11.932 +0900 - info: >> Server Start
2019-06-28 10:42:11.940 +0900 - info: 서버 시작 : http://127.0.0.1:80
2019-06-28 10:42:15.243 +0900 - info: 세션 생성 : {"id":"","pw":""}
2019-06-28 10:43:00.937 +0900 - info: >> Server init
2019-06-28 10:43:00.952 +0900 - info: >> Router init
2019-06-28 10:43:00.952 +0900 - info: >> Error init
2019-06-28 10:43:00.953 +0900 - info: >> Server Start
2019-06-28 10:43:00.960 +0900 - info: 서버 시작 : http://127.0.0.1:80
2019-06-28 10:43:03.806 +0900 - info: 세션 생성 : {"id":"","pw":""}
2019-06-28 10:53:36.699 +0900 - info: >> Server init
2019-06-28 10:53:36.713 +0900 - info: >> Router init
2019-06-28 10:53:36.714 +0900 - info: >> Error init
2019-06-28 10:53:36.715 +0900 - info: >> Server Start
2019-06-28 10:53:36.724 +0900 - info: 서버 시작 : http://127.0.0.1:80
2019-06-28 10:53:38.805 +0900 - info: 세션 생성 : {"id":"","pw":""}
2019-06-28 10:54:26.551 +0900 - info: >> Server init
2019-06-28 10:54:26.565 +0900 - info: >> Router init
2019-06-28 10:54:26.566 +0900 - info: >> Error init
2019-06-28 10:54:26.566 +0900 - info: >> Server Start
2019-06-28 10:54:26.574 +0900 - info: 서버 시작 : http://127.0.0.1:80
2019-06-28 10:54:30.573 +0900 - info: 세션 생성 : {"id":"","pw":""}
2019-06-28 10:58:07.403 +0900 - info: >> Server init
2019-06-28 10:58:07.417 +0900 - info: >> Router init
2019-06-28 10:58:07.418 +0900 - info: >> Error init
2019-06-28 10:58:07.419 +0900 - info: >> Server Start
2019-06-28 10:58:07.426 +0900 - info: 서버 시작 : http://127.0.0.1:80
2019-06-28 10:58:21.859 +0900 - info: 세션 생성 : {"id":"","pw":""}
2019-06-28 10:59:34.147 +0900 - info: >> Server init
2019-06-28 10:59:34.161 +0900 - info: >> Router init
2019-06-28 10:59:34.162 +0900 - info: >> Error init
2019-06-28 10:59:34.163 +0900 - info: >> Server Start
2019-06-28 10:59:34.171 +0900 - info: 서버 시작 : http://127.0.0.1:80
2019-06-28 10:59:36.167 +0900 - info: 세션 생성 : {"id":"","pw":""}
2019-06-28 11:01:53.539 +0900 - info: >> Server init
2019-06-28 11:01:53.553 +0900 - info: >> Router init
2019-06-28 11:01:53.554 +0900 - info: >> Error init
2019-06-28 11:01:53.555 +0900 - info: >> Server Start
2019-06-28 11:01:53.562 +0900 - info: 서버 시작 : http://127.0.0.1:80
2019-06-28 11:01:55.175 +0900 - info: 세션 생성 : {"id":"","pw":""}
2019-06-28 11:05:40.583 +0900 - info: >> Server init
2019-06-28 11:05:40.598 +0900 - info: >> Router init
2019-06-28 11:05:40.599 +0900 - info: >> Error init
2019-06-28 11:05:40.599 +0900 - info: >> Server Start
2019-06-28 11:05:40.607 +0900 - info: 서버 시작 : http://127.0.0.1:80
2019-06-28 11:05:41.998 +0900 - info: 세션 생성 : {"id":"","pw":""}
2019-06-28 11:07:18.537 +0900 - info: >> Server init
2019-06-28 11:07:18.551 +0900 - info: >> Router init
2019-06-28 11:07:18.552 +0900 - info: >> Error init
2019-06-28 11:07:18.553 +0900 - info: >> Server Start
2019-06-28 11:07:18.560 +0900 - info: 서버 시작 : http://127.0.0.1:80
